0 info it worked if it ends with ok
1 verbose cli [ '/usr/bin/node', '/usr/bin/npm', 'install' ]
2 info using npm@1.4.28
3 info using node@v0.10.38
4 verbose node symlink /usr/bin/node
5 warn package.json docready@1.2.6 No repository field.
6 verbose readDependencies using package.json deps
7 verbose install where, deps [ '/home/rupert/public_html/DocReady',
7 verbose install   [ 'underscore.string',
7 verbose install     'grunt',
7 verbose install     'grunt-contrib-copy',
7 verbose install     'grunt-contrib-concat',
7 verbose install     'grunt-contrib-coffee',
7 verbose install     'grunt-contrib-uglify',
7 verbose install     'grunt-contrib-compass',
7 verbose install     'grunt-contrib-jshint',
7 verbose install     'grunt-contrib-cssmin',
7 verbose install     'grunt-contrib-connect',
7 verbose install     'grunt-contrib-clean',
7 verbose install     'grunt-contrib-htmlmin',
7 verbose install     'grunt-contrib-imagemin',
7 verbose install     'grunt-contrib-livereload',
7 verbose install     'grunt-bower-requirejs',
7 verbose install     'grunt-usemin',
7 verbose install     'grunt-regarde',
7 verbose install     'grunt-rev',
7 verbose install     'grunt-karma',
7 verbose install     'grunt-open',
7 verbose install     'matchdep',
7 verbose install     'grunt-google-cdn',
7 verbose install     'grunt-ngmin',
7 verbose install     'grunt-contrib-less',
7 verbose install     'phantomjs',
7 verbose install     'grunt-devcode',
7 verbose install     'grunt-release',
7 verbose install     'grunt-grunticon',
7 verbose install     'grunt-image-resize' ] ]
8 info preinstall docready@1.2.6
9 warn package.json grunt-contrib-htmlmin@0.1.3 No README data
10 warn package.json grunt-contrib-imagemin@0.1.4 No README data
11 warn package.json grunt-contrib-livereload@0.1.2 No README data
12 verbose readDependencies using package.json deps
13 verbose already installed skipping grunt-contrib-copy@~0.4.0 /home/rupert/public_html/DocReady
14 verbose already installed skipping grunt-contrib-concat@~0.1.3 /home/rupert/public_html/DocReady
15 verbose already installed skipping grunt-contrib-coffee@~0.6.4 /home/rupert/public_html/DocReady
16 verbose already installed skipping grunt-contrib-uglify@~0.2.0 /home/rupert/public_html/DocReady
17 verbose already installed skipping grunt-contrib-compass@~0.1.3 /home/rupert/public_html/DocReady
18 verbose already installed skipping grunt-contrib-jshint@~0.3.0 /home/rupert/public_html/DocReady
19 verbose already installed skipping grunt-contrib-cssmin@~0.5.0 /home/rupert/public_html/DocReady
20 verbose already installed skipping grunt-contrib-connect@~0.2.0 /home/rupert/public_html/DocReady
21 verbose already installed skipping grunt-contrib-clean@~0.4.0 /home/rupert/public_html/DocReady
22 verbose already installed skipping grunt-contrib-htmlmin@~0.1.1 /home/rupert/public_html/DocReady
23 verbose already installed skipping grunt-contrib-imagemin@~0.1.2 /home/rupert/public_html/DocReady
24 verbose already installed skipping grunt-contrib-livereload@~0.1.2 /home/rupert/public_html/DocReady
25 verbose already installed skipping grunt-bower-requirejs@~0.4.1 /home/rupert/public_html/DocReady
26 verbose already installed skipping grunt-usemin@~0.1.10 /home/rupert/public_html/DocReady
27 verbose already installed skipping grunt-regarde@~0.1.1 /home/rupert/public_html/DocReady
28 verbose already installed skipping grunt-rev@~0.1.0 /home/rupert/public_html/DocReady
29 verbose already installed skipping grunt-karma@~0.4.0 /home/rupert/public_html/DocReady
30 verbose already installed skipping grunt-open@~0.2.0 /home/rupert/public_html/DocReady
31 verbose already installed skipping matchdep@~0.1.1 /home/rupert/public_html/DocReady
32 verbose already installed skipping grunt-google-cdn@~0.1.1 /home/rupert/public_html/DocReady
33 verbose already installed skipping grunt-ngmin@~0.0.2 /home/rupert/public_html/DocReady
34 verbose already installed skipping grunt-contrib-less@0.5.0 /home/rupert/public_html/DocReady
35 verbose already installed skipping phantomjs@~1.9.0 /home/rupert/public_html/DocReady
36 verbose already installed skipping grunt-devcode@~0.0.4b /home/rupert/public_html/DocReady
37 verbose already installed skipping grunt-release@~0.3.5 /home/rupert/public_html/DocReady
38 verbose already installed skipping grunt-grunticon@~0.3.4 /home/rupert/public_html/DocReady
39 verbose already installed skipping grunt-image-resize@~0.2.0 /home/rupert/public_html/DocReady
40 verbose already installed skipping underscore.string@~2.3.2 /home/rupert/public_html/DocReady
41 verbose already installed skipping grunt@~0.4.1 /home/rupert/public_html/DocReady
42 silly resolved []
43 info build /home/rupert/public_html/DocReady
44 verbose linkStuff [ false, false, false, '/home/rupert/public_html' ]
45 info linkStuff docready@1.2.6
46 verbose linkBins docready@1.2.6
47 verbose linkMans docready@1.2.6
48 verbose rebuildBundles docready@1.2.6
49 verbose rebuildBundles [ '.bin',
49 verbose rebuildBundles   'bower',
49 verbose rebuildBundles   'grunt',
49 verbose rebuildBundles   'grunt-bower-requirejs',
49 verbose rebuildBundles   'grunt-contrib-clean',
49 verbose rebuildBundles   'grunt-contrib-coffee',
49 verbose rebuildBundles   'grunt-contrib-compass',
49 verbose rebuildBundles   'grunt-contrib-concat',
49 verbose rebuildBundles   'grunt-contrib-connect',
49 verbose rebuildBundles   'grunt-contrib-copy',
49 verbose rebuildBundles   'grunt-contrib-cssmin',
49 verbose rebuildBundles   'grunt-contrib-htmlmin',
49 verbose rebuildBundles   'grunt-contrib-imagemin',
49 verbose rebuildBundles   'grunt-contrib-jshint',
49 verbose rebuildBundles   'grunt-contrib-less',
49 verbose rebuildBundles   'grunt-contrib-livereload',
49 verbose rebuildBundles   'grunt-contrib-uglify',
49 verbose rebuildBundles   'grunt-devcode',
49 verbose rebuildBundles   'grunt-google-cdn',
49 verbose rebuildBundles   'grunt-grunticon',
49 verbose rebuildBundles   'grunt-image-resize',
49 verbose rebuildBundles   'grunt-karma',
49 verbose rebuildBundles   'grunt-ngmin',
49 verbose rebuildBundles   'grunt-open',
49 verbose rebuildBundles   'grunt-regarde',
49 verbose rebuildBundles   'grunt-release',
49 verbose rebuildBundles   'grunt-rev',
49 verbose rebuildBundles   'grunt-usemin',
49 verbose rebuildBundles   'matchdep',
49 verbose rebuildBundles   'phantomjs',
49 verbose rebuildBundles   'underscore.string' ]
50 verbose rebuild bundle /home/rupert/public_html/DocReady/node_modules/bower
51 info build /home/rupert/public_html/DocReady/node_modules/bower
52 info preinstall bower@0.10.0
53 verbose linkStuff [ false,
53 verbose linkStuff   false,
53 verbose linkStuff   false,
53 verbose linkStuff   '/home/rupert/public_html/DocReady/node_modules' ]
54 info linkStuff bower@0.10.0
55 warn prefer global bower@0.10.0 should be installed with -g
56 verbose linkBins bower@0.10.0
57 verbose link bins [ { bower: 'bin/bower' },
57 verbose link bins   '/home/rupert/public_html/DocReady/node_modules/.bin',
57 verbose link bins   false ]
58 verbose linkMans bower@0.10.0
59 verbose rebuildBundles bower@0.10.0
60 verbose rebuildBundles [ '.bin',
60 verbose rebuildBundles   'abbrev',
60 verbose rebuildBundles   'archy',
60 verbose rebuildBundles   'async',
60 verbose rebuildBundles   'colors',
60 verbose rebuildBundles   'fstream',
60 verbose rebuildBundles   'glob',
60 verbose rebuildBundles   'hogan.js',
60 verbose rebuildBundles   'lodash',
60 verbose rebuildBundles   'mkdirp',
60 verbose rebuildBundles   'nopt',
60 verbose rebuildBundles   'promptly',
60 verbose rebuildBundles   'rc',
60 verbose rebuildBundles   'read-package-json',
60 verbose rebuildBundles   'request',
60 verbose rebuildBundles   'rimraf',
60 verbose rebuildBundles   'semver',
60 verbose rebuildBundles   'stable',
60 verbose rebuildBundles   'tar',
60 verbose rebuildBundles   'tmp',
60 verbose rebuildBundles   'unzip',
60 verbose rebuildBundles   'update-notifier',
60 verbose rebuildBundles   'which' ]
61 info install bower@0.10.0
62 info postinstall bower@0.10.0
63 info install docready@1.2.6
64 info postinstall docready@1.2.6
65 verbose unsafe-perm in lifecycle true
66 info docready@1.2.6 Failed to exec postinstall script
67 error docready@1.2.6 postinstall: `bower install && npm run test && npm run build`
67 error Exit status 1
68 error Failed at the docready@1.2.6 postinstall script.
68 error This is most likely a problem with the docready package,
68 error not with npm itself.
68 error Tell the author that this fails on your system:
68 error     bower install && npm run test && npm run build
68 error You can get their info via:
68 error     npm owner ls docready
68 error There is likely additional logging output above.
69 error System Linux 3.19.0-16-generic
70 error command "/usr/bin/node" "/usr/bin/npm" "install"
71 error cwd /home/rupert/public_html/DocReady
72 error node -v v0.10.38
73 error npm -v 1.4.28
74 error code ELIFECYCLE
75 verbose exit [ 1, true ]
